2012-12-31 15:24:16 Error: [ConfigureException] Could not load configuration file: C:\wamp\www\cake_cart\app\Config\settings.php
#0 C:\wamp\www\cake_cart\lib\Cake\Core\Configure.php(280): PhpReader->read('settings')
#1 C:\wamp\www\cake_cart\app\Config\bootstrap.php(185): Configure::load('settings')
#2 C:\wamp\www\cake_cart\lib\Cake\Core\Configure.php(92): include('C:\wamp\www\cak...')
#3 C:\wamp\www\cake_cart\lib\Cake\bootstrap.php(163): Configure::bootstrap(true)
#4 C:\wamp\www\cake_cart\app\webroot\index.php(82): include('C:\wamp\www\cak...')
#5 {main}
2012-12-31 15:24:18 Error: [ConfigureException] Could not load configuration file: C:\wamp\www\cake_cart\app\Config\settings.php
#0 C:\wamp\www\cake_cart\lib\Cake\Core\Configure.php(280): PhpReader->read('settings')
#1 C:\wamp\www\cake_cart\app\Config\bootstrap.php(185): Configure::load('settings')
#2 C:\wamp\www\cake_cart\lib\Cake\Core\Configure.php(92): include('C:\wamp\www\cak...')
#3 C:\wamp\www\cake_cart\lib\Cake\bootstrap.php(163): Configure::bootstrap(true)
#4 C:\wamp\www\cake_cart\app\webroot\index.php(82): include('C:\wamp\www\cak...')
#5 {main}
2012-12-31 15:24:18 Error: [ConfigureException] Could not load configuration file: C:\wamp\www\cake_cart\app\Config\settings.php
#0 C:\wamp\www\cake_cart\lib\Cake\Core\Configure.php(280): PhpReader->read('settings')
#1 C:\wamp\www\cake_cart\app\Config\bootstrap.php(185): Configure::load('settings')
#2 C:\wamp\www\cake_cart\lib\Cake\Core\Configure.php(92): include('C:\wamp\www\cak...')
#3 C:\wamp\www\cake_cart\lib\Cake\bootstrap.php(163): Configure::bootstrap(true)
#4 C:\wamp\www\cake_cart\app\webroot\index.php(82): include('C:\wamp\www\cak...')
#5 {main}
2012-12-31 15:24:18 Error: [ConfigureException] Could not load configuration file: C:\wamp\www\cake_cart\app\Config\settings.php
#0 C:\wamp\www\cake_cart\lib\Cake\Core\Configure.php(280): PhpReader->read('settings')
#1 C:\wamp\www\cake_cart\app\Config\bootstrap.php(185): Configure::load('settings')
#2 C:\wamp\www\cake_cart\lib\Cake\Core\Configure.php(92): include('C:\wamp\www\cak...')
#3 C:\wamp\www\cake_cart\lib\Cake\bootstrap.php(163): Configure::bootstrap(true)
#4 C:\wamp\www\cake_cart\app\webroot\index.php(82): include('C:\wamp\www\cak...')
#5 {main}
2012-12-31 15:24:18 Error: [ConfigureException] Could not load configuration file: C:\wamp\www\cake_cart\app\Config\settings.php
#0 C:\wamp\www\cake_cart\lib\Cake\Core\Configure.php(280): PhpReader->read('settings')
#1 C:\wamp\www\cake_cart\app\Config\bootstrap.php(185): Configure::load('settings')
#2 C:\wamp\www\cake_cart\lib\Cake\Core\Configure.php(92): include('C:\wamp\www\cak...')
#3 C:\wamp\www\cake_cart\lib\Cake\bootstrap.php(163): Configure::bootstrap(true)
#4 C:\wamp\www\cake_cart\app\webroot\index.php(82): include('C:\wamp\www\cak...')
#5 {main}
2012-12-31 15:24:20 Error: [ConfigureException] Could not load configuration file: C:\wamp\www\cake_cart\app\Config\settings.php
#0 C:\wamp\www\cake_cart\lib\Cake\Core\Configure.php(280): PhpReader->read('settings')
#1 C:\wamp\www\cake_cart\app\Config\bootstrap.php(185): Configure::load('settings')
#2 C:\wamp\www\cake_cart\lib\Cake\Core\Configure.php(92): include('C:\wamp\www\cak...')
#3 C:\wamp\www\cake_cart\lib\Cake\bootstrap.php(163): Configure::bootstrap(true)
#4 C:\wamp\www\cake_cart\app\webroot\index.php(82): include('C:\wamp\www\cak...')
#5 {main}
2012-12-31 15:24:21 Error: [ConfigureException] Could not load configuration file: C:\wamp\www\cake_cart\app\Config\settings.php
#0 C:\wamp\www\cake_cart\lib\Cake\Core\Configure.php(280): PhpReader->read('settings')
#1 C:\wamp\www\cake_cart\app\Config\bootstrap.php(185): Configure::load('settings')
#2 C:\wamp\www\cake_cart\lib\Cake\Core\Configure.php(92): include('C:\wamp\www\cak...')
#3 C:\wamp\www\cake_cart\lib\Cake\bootstrap.php(163): Configure::bootstrap(true)
#4 C:\wamp\www\cake_cart\app\webroot\index.php(82): include('C:\wamp\www\cak...')
#5 {main}
2012-12-31 15:45:14 Error: [MissingControllerException] Controller class AdminSwitchController could not be found.
#0 C:\wamp\www\cake_cart\app\webroot\index.php(97): Dispatcher->dispatch(Object(CakeRequest), Object(CakeResponse))
#1 {main}
2012-12-31 16:10:10 Error: [PrivateActionException] Private Action UsersController::admin_dashboard() is not directly accessible.
#0 C:\wamp\www\cake_cart\lib\Cake\Routing\Dispatcher.php(186): Controller->invokeAction(Object(CakeRequest))
#1 C:\wamp\www\cake_cart\lib\Cake\Routing\Dispatcher.php(161): Dispatcher->_invoke(Object(UsersController), Object(CakeRequest), Object(CakeResponse))
#2 C:\wamp\www\cake_cart\app\webroot\index.php(97): Dispatcher->dispatch(Object(CakeRequest), Object(CakeResponse))
#3 {main}
2012-12-31 16:11:27 Error: [PrivateActionException] Private Action UsersController::admin_index() is not directly accessible.
#0 C:\wamp\www\cake_cart\lib\Cake\Routing\Dispatcher.php(186): Controller->invokeAction(Object(CakeRequest))
#1 C:\wamp\www\cake_cart\lib\Cake\Routing\Dispatcher.php(161): Dispatcher->_invoke(Object(UsersController), Object(CakeRequest), Object(CakeResponse))
#2 C:\wamp\www\cake_cart\app\webroot\index.php(97): Dispatcher->dispatch(Object(CakeRequest), Object(CakeResponse))
#3 {main}
2012-12-31 16:11:42 Error: [MissingActionException] Action UsersController::admin() could not be found.
#0 C:\wamp\www\cake_cart\lib\Cake\Routing\Dispatcher.php(186): Controller->invokeAction(Object(CakeRequest))
#1 C:\wamp\www\cake_cart\lib\Cake\Routing\Dispatcher.php(161): Dispatcher->_invoke(Object(UsersController), Object(CakeRequest), Object(CakeResponse))
#2 C:\wamp\www\cake_cart\app\webroot\index.php(97): Dispatcher->dispatch(Object(CakeRequest), Object(CakeResponse))
#3 {main}
2013-01-01 03:20:24 Error: [MissingActionException] Action UsersController::register() could not be found.
#0 C:\wamp\www\cake_cart\lib\Cake\Routing\Dispatcher.php(186): Controller->invokeAction(Object(CakeRequest))
#1 C:\wamp\www\cake_cart\lib\Cake\Routing\Dispatcher.php(161): Dispatcher->_invoke(Object(UsersController), Object(CakeRequest), Object(CakeResponse))
#2 C:\wamp\www\cake_cart\app\webroot\index.php(97): Dispatcher->dispatch(Object(CakeRequest), Object(CakeResponse))
#3 {main}
2013-01-01 03:20:32 Error: [MissingActionException] Action UsersController::index() could not be found.
#0 C:\wamp\www\cake_cart\lib\Cake\Routing\Dispatcher.php(186): Controller->invokeAction(Object(CakeRequest))
#1 C:\wamp\www\cake_cart\lib\Cake\Routing\Dispatcher.php(161): Dispatcher->_invoke(Object(UsersController), Object(CakeRequest), Object(CakeResponse))
#2 C:\wamp\www\cake_cart\app\webroot\index.php(97): Dispatcher->dispatch(Object(CakeRequest), Object(CakeResponse))
#3 {main}
2013-01-01 03:22:00 Error: [MissingActionException] Action UsersController::add() could not be found.
#0 C:\wamp\www\cake_cart\lib\Cake\Routing\Dispatcher.php(186): Controller->invokeAction(Object(CakeRequest))
#1 C:\wamp\www\cake_cart\lib\Cake\Routing\Dispatcher.php(161): Dispatcher->_invoke(Object(UsersController), Object(CakeRequest), Object(CakeResponse))
#2 C:\wamp\www\cake_cart\app\webroot\index.php(97): Dispatcher->dispatch(Object(CakeRequest), Object(CakeResponse))
#3 {main}
2013-01-01 03:26:31 Error: [MissingActionException] Action UsersController::admin_login() could not be found.
#0 C:\wamp\www\cake_cart\lib\Cake\Routing\Dispatcher.php(186): Controller->invokeAction(Object(CakeRequest))
#1 C:\wamp\www\cake_cart\lib\Cake\Routing\Dispatcher.php(161): Dispatcher->_invoke(Object(UsersController), Object(CakeRequest), Object(CakeResponse))
#2 C:\wamp\www\cake_cart\app\webroot\index.php(97): Dispatcher->dispatch(Object(CakeRequest), Object(CakeResponse))
#3 {main}
2013-12-14 19:21:54 Error: [MissingConnectionException] Database connection "Mysql" is missing, or could not be created.
#0 C:\dev\www\cake_cart\lib\Cake\Model\Datasource\DboSource.php(261): Mysql->connect()
#1 C:\dev\www\cake_cart\lib\Cake\Model\ConnectionManager.php(101): DboSource->__construct(Array)
#2 C:\dev\www\cake_cart\lib\Cake\Model\Model.php(3189): ConnectionManager::getDataSource('default')
#3 C:\dev\www\cake_cart\lib\Cake\Model\Model.php(1107): Model->setDataSource('default')
#4 C:\dev\www\cake_cart\lib\Cake\Model\Model.php(3211): Model->setSource('products')
#5 C:\dev\www\cake_cart\lib\Cake\Model\Model.php(1318): Model->getDataSource()
#6 C:\dev\www\cake_cart\lib\Cake\Model\Model.php(1403): Model->schema()
#7 C:\dev\www\cake_cart\lib\Cake\Controller\Component\PaginatorComponent.php(377): Model->hasField('name')
#8 C:\dev\www\cake_cart\lib\Cake\Controller\Component\PaginatorComponent.php(140): PaginatorComponent->validateSort(Object(Product), Array, Array)
#9 C:\dev\www\cake_cart\lib\Cake\Controller\Controller.php(1081): PaginatorComponent->paginate('Product', Array, Array)
#10 C:\dev\www\cake_cart\app\Controller\ProductsController.php(33): Controller->paginate('Product')
#11 [internal function]: ProductsController->index()
#12 C:\dev\www\cake_cart\lib\Cake\Controller\Controller.php(485): ReflectionMethod->invokeArgs(Object(ProductsController), Array)
#13 C:\dev\www\cake_cart\lib\Cake\Routing\Dispatcher.php(186): Controller->invokeAction(Object(CakeRequest))
#14 C:\dev\www\cake_cart\lib\Cake\Routing\Dispatcher.php(161): Dispatcher->_invoke(Object(ProductsController), Object(CakeRequest), Object(CakeResponse))
#15 C:\dev\www\cake_cart\app\webroot\index.php(97): Dispatcher->dispatch(Object(CakeRequest), Object(CakeResponse))
#16 {main}
2013-12-14 19:21:55 Error: [MissingControllerException] Controller class CssController could not be found.
#0 C:\dev\www\cake_cart\app\webroot\index.php(97): Dispatcher->dispatch(Object(CakeRequest), Object(CakeResponse))
#1 {main}
2013-12-14 19:21:56 Error: [MissingControllerException] Controller class CssController could not be found.
#0 C:\dev\www\cake_cart\app\webroot\index.php(97): Dispatcher->dispatch(Object(CakeRequest), Object(CakeResponse))
#1 {main}
